[0.017s] Invoking command in '/ros2_ws/src/build/turtlebot3-simulation': /usr/bin/cmake /ros2_ws/src/turtlebot3_simulation -DAMENT_CMAKE_SYMLINK_INSTALL=1 -DCMAKE_INSTALL_PREFIX=/ros2_ws/src/install/turtlebot3-simulation
[0.063s] [31mCMake Error at CMakeLists.txt:9 (find_package):
[0.063s]   By not providing "Findament_cmake.cmake" in CMAKE_MODULE_PATH this project
[0.063s]   has asked CMake to find a package configuration file provided by
[0.063s]   "ament_cmake", but CMake did not find one.
[0.064s] 
[0.064s]   Could not find a package configuration file provided by "ament_cmake" with
[0.064s]   any of the following names:
[0.064s] 
[0.064s]     ament_cmakeConfig.cmake
[0.064s]     ament_cmake-config.cmake
[0.064s] 
[0.065s]   Add the installation prefix of "ament_cmake" to CMAKE_PREFIX_PATH or set
[0.065s]   "ament_cmake_DIR" to a directory containing one of the above files.  If
[0.065s]   "ament_cmake" provides a separate development package or SDK, be sure it
[0.065s]   has been installed.
[0.065s] 
[0.065s] [0m
[0.066s] -- Configuring incomplete, errors occurred!
[0.068s] Invoked command in '/ros2_ws/src/build/turtlebot3-simulation' returned '1': /usr/bin/cmake /ros2_ws/src/turtlebot3_simulation -DAMENT_CMAKE_SYMLINK_INSTALL=1 -DCMAKE_INSTALL_PREFIX=/ros2_ws/src/install/turtlebot3-simulation
