[0.037s] Invoking command in '/ros2_ws/build/tb_worlds': CMAKE_PREFIX_PATH=${CMAKE_PREFIX_PATH}:/turtlebot_ws/install/py_trees_ros_viewer:/turtlebot_ws/install/py_trees_ros:/turtlebot_ws/install/py_trees_js:/turtlebot_ws/install/py_trees:/opt/ros/jazzy /usr/bin/cmake --build /ros2_ws/build/tb_worlds -- -j16 -l16
[0.119s] -- Found ament_cmake: 2.5.3 (/opt/ros/jazzy/share/ament_cmake/cmake)
[0.631s] -- Found rclpy: 7.1.3 (/opt/ros/jazzy/share/rclpy/cmake)
[0.632s] -- Found geometry_msgs: 5.3.5 (/opt/ros/jazzy/share/geometry_msgs/cmake)
[0.803s] -- Found rosidl_generator_c: 4.6.5 (/opt/ros/jazzy/share/rosidl_generator_c/cmake)
[0.830s] -- Found rosidl_generator_cpp: 4.6.5 (/opt/ros/jazzy/share/rosidl_generator_cpp/cmake)
[0.892s] -- Using all available rosidl_typesupport_c: rosidl_typesupport_fastrtps_c;rosidl_typesupport_introspection_c
[0.939s] -- Using all available rosidl_typesupport_cpp: rosidl_typesupport_fastrtps_cpp;rosidl_typesupport_introspection_cpp
[1.060s] -- Found nav2_minimal_tb3_sim: 1.0.2 (/turtlebot_ws/install/nav2_minimal_tb3_sim/share/nav2_minimal_tb3_sim/cmake)
[1.061s] -- Found nav2_minimal_tb4_sim: 1.0.2 (/turtlebot_ws/install/nav2_minimal_tb4_sim/share/nav2_minimal_tb4_sim/cmake)
[1.217s] [31mCMake Error at /opt/ros/jazzy/share/ament_cmake_core/cmake/core/ament_package_xml.cmake:53 (message):
[1.217s]   ament_package_xml() package name 'tb_worlds' in '/package.xml' does not
[1.217s]   match current PROJECT_NAME 'turtlebot3-simulation'.  You must call
[1.217s]   project() with the same package name before.
[1.217s] Call Stack (most recent call first):
[1.218s]   /opt/ros/jazzy/share/ament_cmake_core/cmake/core/ament_package.cmake:63 (ament_package_xml)
[1.218s]   CMakeLists.txt:21 (ament_package)
[1.218s] 
[1.218s] [0m
[1.218s] -- Configuring incomplete, errors occurred!
[1.226s] gmake: *** [Makefile:226: cmake_check_build_system] Error 1
[1.230s] Invoked command in '/ros2_ws/build/tb_worlds' returned '2': CMAKE_PREFIX_PATH=${CMAKE_PREFIX_PATH}:/turtlebot_ws/install/py_trees_ros_viewer:/turtlebot_ws/install/py_trees_ros:/turtlebot_ws/install/py_trees_js:/turtlebot_ws/install/py_trees:/opt/ros/jazzy /usr/bin/cmake --build /ros2_ws/build/tb_worlds -- -j16 -l16
