[0.023s] Invoking command in '/ros2_ws/build/turtlebot3-simulation': /usr/bin/cmake /ros2_ws/src/turtlebot3_simulation -DAMENT_CMAKE_SYMLINK_INSTALL=1 -DCMAKE_INSTALL_PREFIX=/ros2_ws/install/turtlebot3-simulation
[0.044s] -- Found ament_cmake: 2.5.3 (/opt/ros/jazzy/share/ament_cmake/cmake)
[0.271s] Traceback (most recent call last):
[0.271s]   File "/opt/ros/jazzy/share/ament_cmake_core/cmake/package_templates/templates_2_cmake.py", line 21, in <module>
[0.271s]     from ament_package.templates import get_environment_hook_template_path
[0.272s] ModuleNotFoundError: No module named 'ament_package'
[0.276s] [31mCMake Error at /opt/ros/jazzy/share/ament_cmake_core/cmake/ament_cmake_package_templates-extras.cmake:41 (message):
[0.276s]   execute_process(/usr/bin/python3
[0.277s]   /opt/ros/jazzy/share/ament_cmake_core/cmake/package_templates/templates_2_cmake.py
[0.277s]   /ros2_ws/build/turtlebot3-simulation/ament_cmake_package_templates/templates.cmake)
[0.277s]   returned error code 1
[0.277s] Call Stack (most recent call first):
[0.277s]   /opt/ros/jazzy/share/ament_cmake_core/cmake/ament_cmake_coreConfig.cmake:41 (include)
[0.277s]   /opt/ros/jazzy/share/ament_cmake/cmake/ament_cmake_export_dependencies-extras.cmake:15 (find_package)
[0.278s]   /opt/ros/jazzy/share/ament_cmake/cmake/ament_cmakeConfig.cmake:41 (include)
[0.278s]   CMakeLists.txt:9 (find_package)
[0.278s] 
[0.278s] [0m
[0.278s] -- Configuring incomplete, errors occurred!
[0.285s] Invoked command in '/ros2_ws/build/turtlebot3-simulation' returned '1': /usr/bin/cmake /ros2_ws/src/turtlebot3_simulation -DAMENT_CMAKE_SYMLINK_INSTALL=1 -DCMAKE_INSTALL_PREFIX=/ros2_ws/install/turtlebot3-simulation
