[0.272s] DEBUG:colcon:Command line arguments: ['/usr/bin/colcon', 'build', '--symlink-install']
[0.273s] DEBUG:colcon:Parsed command line arguments: Namespace(log_base=None, log_level=None, verb_name='build', build_base='build', install_base='install', merge_install=False, symlink_install=True, test_result_base=None, continue_on_error=False, executor='parallel', parallel_workers=16, event_handlers=None, ignore_user_meta=False, metas=['./colcon.meta'], base_paths=['.'], packages_ignore=None, packages_ignore_regex=None, paths=None, packages_up_to=None, packages_up_to_regex=None, packages_above=None, packages_above_and_dependencies=None, packages_above_depth=None, packages_select_by_dep=None, packages_skip_by_dep=None, packages_skip_up_to=None, packages_select_build_failed=False, packages_skip_build_finished=False, packages_select_test_failures=False, packages_skip_test_passed=False, packages_select=None, packages_skip=None, packages_select_regex=None, packages_skip_regex=None, packages_start=None, packages_end=None, cmake_args=None, cmake_target=None, cmake_target_skip_unavailable=False, cmake_clean_cache=False, cmake_clean_first=False, cmake_force_configure=False, ament_cmake_args=None, catkin_cmake_args=None, catkin_skip_building_tests=False, mixin_files=None, mixin=None, verb_parser=<colcon_mixin.mixin.mixin_argument.MixinArgumentDecorator object at 0x7f4cfc4a66c0>, verb_extension=<colcon_core.verb.build.BuildVerb object at 0x7f4cfc4a5730>, main=<bound method BuildVerb.main of <colcon_core.verb.build.BuildVerb object at 0x7f4cfc4a5730>>, mixin_verb=('build',))
[0.483s] Level 1:colcon.colcon_core.package_discovery:discover_packages(colcon_meta) check parameters
[0.487s] INFO:colcon.colcon_metadata.package_discovery.colcon_meta:Using configuration from '/root/.colcon/metadata/default/Gazebo.meta'
[0.489s] INFO:colcon.colcon_metadata.package_discovery.colcon_meta:Using configuration from '/root/.colcon/metadata/default/fastrtps.meta'
[0.489s] Level 1:colcon.colcon_core.package_discovery:discover_packages(recursive) check parameters
[0.489s] Level 1:colcon.colcon_core.package_discovery:discover_packages(ignore) check parameters
[0.489s] Level 1:colcon.colcon_core.package_discovery:discover_packages(path) check parameters
[0.489s] Level 1:colcon.colcon_core.package_discovery:discover_packages(colcon_meta) discover
[0.490s] Level 1:colcon.colcon_core.package_discovery:discover_packages(recursive) discover
[0.490s] INFO:colcon.colcon_core.package_discovery:Crawling recursively for packages in '/ros2_ws'
[0.490s] Level 1:colcon.colcon_core.package_identification:_identify(.) by extensions ['ignore', 'ignore_ament_install']
[0.490s] Level 1:colcon.colcon_core.package_identification:_identify(.) by extension 'ignore'
[0.490s] Level 1:colcon.colcon_core.package_identification:_identify(.) by extension 'ignore_ament_install'
[0.490s] Level 1:colcon.colcon_core.package_identification:_identify(.) by extensions ['colcon_pkg']
[0.491s] Level 1:colcon.colcon_core.package_identification:_identify(.) by extension 'colcon_pkg'
[0.491s] Level 1:colcon.colcon_core.package_identification:_identify(.) by extensions ['colcon_meta']
[0.491s] Level 1:colcon.colcon_core.package_identification:_identify(.) by extension 'colcon_meta'
[0.491s] Level 1:colcon.colcon_core.package_identification:_identify(.) by extensions ['ros']
[0.491s] Level 1:colcon.colcon_core.package_identification:_identify(.) by extension 'ros'
[0.578s] Level 1:colcon.colcon_core.package_identification:_identify(.) by extensions ['cmake', 'python']
[0.579s] Level 1:colcon.colcon_core.package_identification:_identify(.) by extension 'cmake'
[0.579s] Level 1:colcon.colcon_core.package_identification:_identify(.) by extension 'python'
[0.579s] Level 1:colcon.colcon_core.package_identification:_identify(.) by extensions ['python_setup_py']
[0.579s] Level 1:colcon.colcon_core.package_identification:_identify(.) by extension 'python_setup_py'
[0.579s] Level 1:colcon.colcon_core.package_identification:_identify(build) by extensions ['ignore', 'ignore_ament_install']
[0.580s] Level 1:colcon.colcon_core.package_identification:_identify(build) by extension 'ignore'
[0.580s] Level 1:colcon.colcon_core.package_identification:_identify(build) ignored
[0.580s] Level 1:colcon.colcon_core.package_identification:_identify(install) by extensions ['ignore', 'ignore_ament_install']
[0.580s] Level 1:colcon.colcon_core.package_identification:_identify(install) by extension 'ignore'
[0.580s] Level 1:colcon.colcon_core.package_identification:_identify(install) ignored
[0.581s] Level 1:colcon.colcon_core.package_identification:_identify(log) by extensions ['ignore', 'ignore_ament_install']
[0.581s] Level 1:colcon.colcon_core.package_identification:_identify(log) by extension 'ignore'
[0.581s] Level 1:colcon.colcon_core.package_identification:_identify(log) ignored
[0.581s] Level 1:colcon.colcon_core.package_identification:_identify(src) by extensions ['ignore', 'ignore_ament_install']
[0.581s] Level 1:colcon.colcon_core.package_identification:_identify(src) by extension 'ignore'
[0.582s] Level 1:colcon.colcon_core.package_identification:_identify(src) by extension 'ignore_ament_install'
[0.582s] Level 1:colcon.colcon_core.package_identification:_identify(src) by extensions ['colcon_pkg']
[0.582s] Level 1:colcon.colcon_core.package_identification:_identify(src) by extension 'colcon_pkg'
[0.582s] Level 1:colcon.colcon_core.package_identification:_identify(src) by extensions ['colcon_meta']
[0.582s] Level 1:colcon.colcon_core.package_identification:_identify(src) by extension 'colcon_meta'
[0.582s] Level 1:colcon.colcon_core.package_identification:_identify(src) by extensions ['ros']
[0.582s] Level 1:colcon.colcon_core.package_identification:_identify(src) by extension 'ros'
[0.582s] Level 1:colcon.colcon_core.package_identification:_identify(src) by extensions ['cmake', 'python']
[0.582s] Level 1:colcon.colcon_core.package_identification:_identify(src) by extension 'cmake'
[0.582s] Level 1:colcon.colcon_core.package_identification:_identify(src) by extension 'python'
[0.583s] Level 1:colcon.colcon_core.package_identification:_identify(src) by extensions ['python_setup_py']
[0.583s] Level 1:colcon.colcon_core.package_identification:_identify(src) by extension 'python_setup_py'
[0.584s] Level 1:colcon.colcon_core.package_identification:_identify(src/build) by extensions ['ignore', 'ignore_ament_install']
[0.584s] Level 1:colcon.colcon_core.package_identification:_identify(src/build) by extension 'ignore'
[0.584s] Level 1:colcon.colcon_core.package_identification:_identify(src/build) ignored
[0.585s] Level 1:colcon.colcon_core.package_identification:_identify(src/install) by extensions ['ignore', 'ignore_ament_install']
[0.585s] Level 1:colcon.colcon_core.package_identification:_identify(src/install) by extension 'ignore'
[0.586s] Level 1:colcon.colcon_core.package_identification:_identify(src/install) ignored
[0.587s] Level 1:colcon.colcon_core.package_identification:_identify(src/log) by extensions ['ignore', 'ignore_ament_install']
[0.587s] Level 1:colcon.colcon_core.package_identification:_identify(src/log) by extension 'ignore'
[0.587s] Level 1:colcon.colcon_core.package_identification:_identify(src/log) ignored
[0.587s] Level 1:colcon.colcon_core.package_identification:_identify(src/object_detection_pkg) by extensions ['ignore', 'ignore_ament_install']
[0.588s] Level 1:colcon.colcon_core.package_identification:_identify(src/object_detection_pkg) by extension 'ignore'
[0.588s] Level 1:colcon.colcon_core.package_identification:_identify(src/object_detection_pkg) by extension 'ignore_ament_install'
[0.588s] Level 1:colcon.colcon_core.package_identification:_identify(src/object_detection_pkg) by extensions ['colcon_pkg']
[0.588s] Level 1:colcon.colcon_core.package_identification:_identify(src/object_detection_pkg) by extension 'colcon_pkg'
[0.588s] Level 1:colcon.colcon_core.package_identification:_identify(src/object_detection_pkg) by extensions ['colcon_meta']
[0.588s] Level 1:colcon.colcon_core.package_identification:_identify(src/object_detection_pkg) by extension 'colcon_meta'
[0.588s] Level 1:colcon.colcon_core.package_identification:_identify(src/object_detection_pkg) by extensions ['ros']
[0.588s] Level 1:colcon.colcon_core.package_identification:_identify(src/object_detection_pkg) by extension 'ros'
[0.589s] Level 1:colcon.colcon_core.package_identification:_identify(src/object_detection_pkg) by extensions ['cmake', 'python']
[0.589s] Level 1:colcon.colcon_core.package_identification:_identify(src/object_detection_pkg) by extension 'cmake'
[0.589s] Level 1:colcon.colcon_core.package_identification:_identify(src/object_detection_pkg) by extension 'python'
[0.589s] Level 1:colcon.colcon_core.package_identification:_identify(src/object_detection_pkg) by extensions ['python_setup_py']
[0.589s] Level 1:colcon.colcon_core.package_identification:_identify(src/object_detection_pkg) by extension 'python_setup_py'
[0.589s] Level 1:colcon.colcon_core.package_identification:_identify(src/object_detection_pkg/config) by extensions ['ignore', 'ignore_ament_install']
[0.589s] Level 1:colcon.colcon_core.package_identification:_identify(src/object_detection_pkg/config) by extension 'ignore'
[0.590s] Level 1:colcon.colcon_core.package_identification:_identify(src/object_detection_pkg/config) by extension 'ignore_ament_install'
[0.590s] Level 1:colcon.colcon_core.package_identification:_identify(src/object_detection_pkg/config) by extensions ['colcon_pkg']
[0.590s] Level 1:colcon.colcon_core.package_identification:_identify(src/object_detection_pkg/config) by extension 'colcon_pkg'
[0.590s] Level 1:colcon.colcon_core.package_identification:_identify(src/object_detection_pkg/config) by extensions ['colcon_meta']
[0.590s] Level 1:colcon.colcon_core.package_identification:_identify(src/object_detection_pkg/config) by extension 'colcon_meta'
[0.590s] Level 1:colcon.colcon_core.package_identification:_identify(src/object_detection_pkg/config) by extensions ['ros']
[0.590s] Level 1:colcon.colcon_core.package_identification:_identify(src/object_detection_pkg/config) by extension 'ros'
[0.590s] Level 1:colcon.colcon_core.package_identification:_identify(src/object_detection_pkg/config) by extensions ['cmake', 'python']
[0.590s] Level 1:colcon.colcon_core.package_identification:_identify(src/object_detection_pkg/config) by extension 'cmake'
[0.591s] Level 1:colcon.colcon_core.package_identification:_identify(src/object_detection_pkg/config) by extension 'python'
[0.591s] Level 1:colcon.colcon_core.package_identification:_identify(src/object_detection_pkg/config) by extensions ['python_setup_py']
[0.591s] Level 1:colcon.colcon_core.package_identification:_identify(src/object_detection_pkg/config) by extension 'python_setup_py'
[0.591s] Level 1:colcon.colcon_core.package_identification:_identify(src/object_detection_pkg/launch) by extensions ['ignore', 'ignore_ament_install']
[0.591s] Level 1:colcon.colcon_core.package_identification:_identify(src/object_detection_pkg/launch) by extension 'ignore'
[0.591s] Level 1:colcon.colcon_core.package_identification:_identify(src/object_detection_pkg/launch) by extension 'ignore_ament_install'
[0.591s] Level 1:colcon.colcon_core.package_identification:_identify(src/object_detection_pkg/launch) by extensions ['colcon_pkg']
[0.591s] Level 1:colcon.colcon_core.package_identification:_identify(src/object_detection_pkg/launch) by extension 'colcon_pkg'
[0.592s] Level 1:colcon.colcon_core.package_identification:_identify(src/object_detection_pkg/launch) by extensions ['colcon_meta']
[0.592s] Level 1:colcon.colcon_core.package_identification:_identify(src/object_detection_pkg/launch) by extension 'colcon_meta'
[0.592s] Level 1:colcon.colcon_core.package_identification:_identify(src/object_detection_pkg/launch) by extensions ['ros']
[0.592s] Level 1:colcon.colcon_core.package_identification:_identify(src/object_detection_pkg/launch) by extension 'ros'
[0.592s] Level 1:colcon.colcon_core.package_identification:_identify(src/object_detection_pkg/launch) by extensions ['cmake', 'python']
[0.592s] Level 1:colcon.colcon_core.package_identification:_identify(src/object_detection_pkg/launch) by extension 'cmake'
[0.592s] Level 1:colcon.colcon_core.package_identification:_identify(src/object_detection_pkg/launch) by extension 'python'
[0.593s] Level 1:colcon.colcon_core.package_identification:_identify(src/object_detection_pkg/launch) by extensions ['python_setup_py']
[0.593s] Level 1:colcon.colcon_core.package_identification:_identify(src/object_detection_pkg/launch) by extension 'python_setup_py'
[0.593s] Level 1:colcon.colcon_core.package_identification:_identify(src/object_detection_pkg/object_detection_pkg) by extensions ['ignore', 'ignore_ament_install']
[0.593s] Level 1:colcon.colcon_core.package_identification:_identify(src/object_detection_pkg/object_detection_pkg) by extension 'ignore'
[0.593s] Level 1:colcon.colcon_core.package_identification:_identify(src/object_detection_pkg/object_detection_pkg) by extension 'ignore_ament_install'
[0.593s] Level 1:colcon.colcon_core.package_identification:_identify(src/object_detection_pkg/object_detection_pkg) by extensions ['colcon_pkg']
[0.593s] Level 1:colcon.colcon_core.package_identification:_identify(src/object_detection_pkg/object_detection_pkg) by extension 'colcon_pkg'
[0.594s] Level 1:colcon.colcon_core.package_identification:_identify(src/object_detection_pkg/object_detection_pkg) by extensions ['colcon_meta']
[0.594s] Level 1:colcon.colcon_core.package_identification:_identify(src/object_detection_pkg/object_detection_pkg) by extension 'colcon_meta'
[0.594s] Level 1:colcon.colcon_core.package_identification:_identify(src/object_detection_pkg/object_detection_pkg) by extensions ['ros']
[0.594s] Level 1:colcon.colcon_core.package_identification:_identify(src/object_detection_pkg/object_detection_pkg) by extension 'ros'
[0.594s] Level 1:colcon.colcon_core.package_identification:_identify(src/object_detection_pkg/object_detection_pkg) by extensions ['cmake', 'python']
[0.594s] Level 1:colcon.colcon_core.package_identification:_identify(src/object_detection_pkg/object_detection_pkg) by extension 'cmake'
[0.594s] Level 1:colcon.colcon_core.package_identification:_identify(src/object_detection_pkg/object_detection_pkg) by extension 'python'
[0.594s] Level 1:colcon.colcon_core.package_identification:_identify(src/object_detection_pkg/object_detection_pkg) by extensions ['python_setup_py']
[0.594s] Level 1:colcon.colcon_core.package_identification:_identify(src/object_detection_pkg/object_detection_pkg) by extension 'python_setup_py'
[0.595s] Level 1:colcon.colcon_core.package_identification:_identify(src/turtlebot_simulation) by extensions ['ignore', 'ignore_ament_install']
[0.595s] Level 1:colcon.colcon_core.package_identification:_identify(src/turtlebot_simulation) by extension 'ignore'
[0.595s] Level 1:colcon.colcon_core.package_identification:_identify(src/turtlebot_simulation) by extension 'ignore_ament_install'
[0.595s] Level 1:colcon.colcon_core.package_identification:_identify(src/turtlebot_simulation) by extensions ['colcon_pkg']
[0.595s] Level 1:colcon.colcon_core.package_identification:_identify(src/turtlebot_simulation) by extension 'colcon_pkg'
[0.595s] Level 1:colcon.colcon_core.package_identification:_identify(src/turtlebot_simulation) by extensions ['colcon_meta']
[0.595s] Level 1:colcon.colcon_core.package_identification:_identify(src/turtlebot_simulation) by extension 'colcon_meta'
[0.595s] Level 1:colcon.colcon_core.package_identification:_identify(src/turtlebot_simulation) by extensions ['ros']
[0.595s] Level 1:colcon.colcon_core.package_identification:_identify(src/turtlebot_simulation) by extension 'ros'
[0.608s] DEBUG:colcon.colcon_core.package_identification:Package 'src/turtlebot_simulation' with type 'ros.ament_cmake' and name 'turtlebot_simulation'
[0.608s] Level 1:colcon.colcon_core.package_discovery:discover_packages(recursive) using defaults
[0.608s] Level 1:colcon.colcon_core.package_discovery:discover_packages(ignore) discover
[0.608s] Level 1:colcon.colcon_core.package_discovery:discover_packages(ignore) using defaults
[0.608s] Level 1:colcon.colcon_core.package_discovery:discover_packages(path) discover
[0.608s] Level 1:colcon.colcon_core.package_discovery:discover_packages(path) using defaults
[0.690s] Level 5:colcon.colcon_core.verb:set package 'turtlebot_simulation' build argument 'cmake_args' from command line to 'None'
[0.690s] Level 5:colcon.colcon_core.verb:set package 'turtlebot_simulation' build argument 'cmake_target' from command line to 'None'
[0.690s] Level 5:colcon.colcon_core.verb:set package 'turtlebot_simulation' build argument 'cmake_target_skip_unavailable' from command line to 'False'
[0.690s] Level 5:colcon.colcon_core.verb:set package 'turtlebot_simulation' build argument 'cmake_clean_cache' from command line to 'False'
[0.690s] Level 5:colcon.colcon_core.verb:set package 'turtlebot_simulation' build argument 'cmake_clean_first' from command line to 'False'
[0.690s] Level 5:colcon.colcon_core.verb:set package 'turtlebot_simulation' build argument 'cmake_force_configure' from command line to 'False'
[0.691s] Level 5:colcon.colcon_core.verb:set package 'turtlebot_simulation' build argument 'ament_cmake_args' from command line to 'None'
[0.691s] Level 5:colcon.colcon_core.verb:set package 'turtlebot_simulation' build argument 'catkin_cmake_args' from command line to 'None'
[0.691s] Level 5:colcon.colcon_core.verb:set package 'turtlebot_simulation' build argument 'catkin_skip_building_tests' from command line to 'False'
[0.691s] DEBUG:colcon.colcon_core.verb:Building package 'turtlebot_simulation' with the following arguments: {'ament_cmake_args': None, 'build_base': '/ros2_ws/build/turtlebot_simulation', 'catkin_cmake_args': None, 'catkin_skip_building_tests': False, 'cmake_args': None, 'cmake_clean_cache': False, 'cmake_clean_first': False, 'cmake_force_configure': False, 'cmake_target': None, 'cmake_target_skip_unavailable': False, 'install_base': '/ros2_ws/install/turtlebot_simulation', 'merge_install': False, 'path': '/ros2_ws/src/turtlebot_simulation', 'symlink_install': True, 'test_result_base': None}
[0.691s] INFO:colcon.colcon_core.executor:Executing jobs using 'parallel' executor
[0.694s] DEBUG:colcon.colcon_parallel_executor.executor.parallel:run_until_complete
[0.695s] INFO:colcon.colcon_ros.task.ament_cmake.build:Building ROS package in '/ros2_ws/src/turtlebot_simulation' with build type 'ament_cmake'
[0.695s] INFO:colcon.colcon_cmake.task.cmake.build:Building CMake package in '/ros2_ws/src/turtlebot_simulation'
[0.715s] INFO:colcon.colcon_core.plugin_system:Skipping extension 'colcon_core.shell.bat': Not used on non-Windows systems
[0.716s] INFO:colcon.colcon_core.shell:Skip shell extension 'powershell' for command environment: Not usable outside of PowerShell
[0.716s] DEBUG:colcon.colcon_core.shell:Skip shell extension 'dsv' for command environment
[0.750s] DEBUG:colcon.colcon_core.event_handler.log_command:Invoking command in '/ros2_ws/build/turtlebot_simulation': /usr/bin/cmake /ros2_ws/src/turtlebot_simulation -DAMENT_CMAKE_SYMLINK_INSTALL=1 -DCMAKE_INSTALL_PREFIX=/ros2_ws/install/turtlebot_simulation
[2.368s] DEBUG:colcon.colcon_core.event_handler.log_command:Invoked command in '/ros2_ws/build/turtlebot_simulation' returned '1': /usr/bin/cmake /ros2_ws/src/turtlebot_simulation -DAMENT_CMAKE_SYMLINK_INSTALL=1 -DCMAKE_INSTALL_PREFIX=/ros2_ws/install/turtlebot_simulation
[2.391s] Level 1:colcon.colcon_core.environment:create_environment_scripts_only(turtlebot_simulation)
[2.410s] Level 1:colcon.colcon_core.environment:checking '/ros2_ws/install/turtlebot_simulation' for CMake module files
[2.411s] Level 1:colcon.colcon_core.environment:checking '/ros2_ws/install/turtlebot_simulation' for CMake config files
[2.412s] Level 1:colcon.colcon_core.environment:checking '/ros2_ws/install/turtlebot_simulation/bin'
[2.412s] Level 1:colcon.colcon_core.environment:checking '/ros2_ws/install/turtlebot_simulation/lib/pkgconfig/turtlebot_simulation.pc'
[2.415s] Level 1:colcon.colcon_core.environment:checking '/ros2_ws/install/turtlebot_simulation/lib/python3.12/site-packages'
[2.416s] Level 1:colcon.colcon_core.environment:checking '/ros2_ws/install/turtlebot_simulation/bin'
[2.416s] INFO:colcon.colcon_core.shell:Creating package script '/ros2_ws/install/turtlebot_simulation/share/turtlebot_simulation/package.ps1'
[2.423s] INFO:colcon.colcon_core.shell:Creating package descriptor '/ros2_ws/install/turtlebot_simulation/share/turtlebot_simulation/package.dsv'
[2.424s] INFO:colcon.colcon_core.shell:Creating package script '/ros2_ws/install/turtlebot_simulation/share/turtlebot_simulation/package.sh'
[2.426s] INFO:colcon.colcon_core.shell:Creating package script '/ros2_ws/install/turtlebot_simulation/share/turtlebot_simulation/package.bash'
[2.429s] INFO:colcon.colcon_core.shell:Creating package script '/ros2_ws/install/turtlebot_simulation/share/turtlebot_simulation/package.zsh'
[2.432s] Level 1:colcon.colcon_core.environment:create_file_with_runtime_dependencies(/ros2_ws/install/turtlebot_simulation/share/colcon-core/packages/turtlebot_simulation)
[2.436s] DEBUG:colcon.colcon_parallel_executor.executor.parallel:closing loop
[2.436s] DEBUG:colcon.colcon_parallel_executor.executor.parallel:loop closed
[2.437s] DEBUG:colcon.colcon_parallel_executor.executor.parallel:run_until_complete finished with '1'
[2.437s] DEBUG:colcon.colcon_core.event_reactor:joining thread
[2.483s] INFO:colcon.colcon_core.plugin_system:Skipping extension 'colcon_notification.desktop_notification.notify_send': Could not find 'notify-send'
[2.483s] INFO:colcon.colcon_core.plugin_system:Skipping extension 'colcon_notification.desktop_notification.terminal_notifier': Not used on non-Darwin systems
[2.483s] INFO:colcon.colcon_core.plugin_system:Skipping extension 'colcon_notification.desktop_notification.win32': Not used on non-Windows systems
[2.483s] INFO:colcon.colcon_notification.desktop_notification:Sending desktop notification using 'notify2'
[2.511s] DEBUG:colcon.colcon_notification.desktop_notification.notify2:Failed to initialize notify2: org.freedesktop.DBus.Error.Spawn.ExecFailed: /usr/bin/dbus-launch terminated abnormally without any error message
[2.511s] DEBUG:colcon.colcon_core.event_reactor:joined thread
[2.512s] INFO:colcon.colcon_core.shell:Creating prefix script '/ros2_ws/install/local_setup.ps1'
[2.516s] INFO:colcon.colcon_core.shell:Creating prefix util module '/ros2_ws/install/_local_setup_util_ps1.py'
[2.520s] INFO:colcon.colcon_core.shell:Creating prefix chain script '/ros2_ws/install/setup.ps1'
[2.522s] INFO:colcon.colcon_core.shell:Creating prefix script '/ros2_ws/install/local_setup.sh'
[2.524s] INFO:colcon.colcon_core.shell:Creating prefix util module '/ros2_ws/install/_local_setup_util_sh.py'
[2.525s] INFO:colcon.colcon_core.shell:Creating prefix chain script '/ros2_ws/install/setup.sh'
[2.527s] INFO:colcon.colcon_core.shell:Creating prefix script '/ros2_ws/install/local_setup.bash'
[2.530s] INFO:colcon.colcon_core.shell:Creating prefix chain script '/ros2_ws/install/setup.bash'
[2.532s] INFO:colcon.colcon_core.shell:Creating prefix script '/ros2_ws/install/local_setup.zsh'
[2.534s] INFO:colcon.colcon_core.shell:Creating prefix chain script '/ros2_ws/install/setup.zsh'
