-- The C compiler identification is GNU 13.3.0
-- The CXX compiler identification is GNU 13.3.0
-- Detecting C compiler ABI info
-- Detecting C compiler ABI info - done
-- Check for working C compiler: /usr/bin/cc - skipped
-- Detecting C compile features
-- Detecting C compile features - done
-- Detecting CXX compiler ABI info
-- Detecting CXX compiler ABI info - done
-- Check for working CXX compiler: /usr/bin/c++ - skipped
-- Detecting CXX compile features
-- Detecting CXX compile features - done
-- Found ament_cmake: 2.5.3 (/opt/ros/jazzy/share/ament_cmake/cmake)
-- Found Python3: /usr/bin/python3 (found version "3.12.3") found components: Interpreter 
-- Found rclpy: 7.1.3 (/opt/ros/jazzy/share/rclpy/cmake)
-- Found geometry_msgs: 5.3.5 (/opt/ros/jazzy/share/geometry_msgs/cmake)
-- Found rosidl_generator_c: 4.6.5 (/opt/ros/jazzy/share/rosidl_generator_c/cmake)
-- Found rosidl_generator_cpp: 4.6.5 (/opt/ros/jazzy/share/rosidl_generator_cpp/cmake)
-- Using all available rosidl_typesupport_c: rosidl_typesupport_fastrtps_c;rosidl_typesupport_introspection_c
-- Using all available rosidl_typesupport_cpp: rosidl_typesupport_fastrtps_cpp;rosidl_typesupport_introspection_cpp
-- Found nav2_minimal_tb3_sim: 1.0.2 (/turtlebot_ws/install/nav2_minimal_tb3_sim/share/nav2_minimal_tb3_sim/cmake)
-- Found nav2_minimal_tb4_sim: 1.0.2 (/turtlebot_ws/install/nav2_minimal_tb4_sim/share/nav2_minimal_tb4_sim/cmake)
-- Configuring done (2.9s)
-- Generating done (0.0s)
-- Build files have been written to: /ros2_ws/build/tb_worlds
-- Install configuration: ""
-- Installing: /ros2_ws/install/tb_worlds/share/tb_worlds/launch
-- Installing: /ros2_ws/install/tb_worlds/share/tb_worlds/launch/simulation_launch.py
[31mCMake Error at cmake_install.cmake:46 (file):
  file INSTALL cannot find "/ros2_ws/src/turtlebot3_simulation/maps": No such
  file or directory.

[0m
