[0.059s] Invoking command in '/ros2_ws/build/tb_worlds': CMAKE_PREFIX_PATH=${CMAKE_PREFIX_PATH}:/turtlebot_ws/install/py_trees_ros_viewer:/turtlebot_ws/install/py_trees_ros:/turtlebot_ws/install/py_trees_js:/turtlebot_ws/install/py_trees:/opt/ros/jazzy /usr/bin/cmake /ros2_ws/src/turtlebot3_simulation -DCMAKE_INSTALL_PREFIX=/ros2_ws/install/tb_worlds
[0.599s] -- The C compiler identification is GNU 13.3.0
[0.836s] -- The CXX compiler identification is GNU 13.3.0
[0.891s] -- Detecting C compiler ABI info
[1.115s] -- Detecting C compiler ABI info - done
[1.130s] -- Check for working C compiler: /usr/bin/cc - skipped
[1.131s] -- Detecting C compile features
[1.132s] -- Detecting C compile features - done
[1.153s] -- Detecting CXX compiler ABI info
[1.352s] -- Detecting CXX compiler ABI info - done
[1.369s] -- Check for working CXX compiler: /usr/bin/c++ - skipped
[1.369s] -- Detecting CXX compile features
[1.370s] -- Detecting CXX compile features - done
[1.464s] -- Found ament_cmake: 2.5.3 (/opt/ros/jazzy/share/ament_cmake/cmake)
[1.819s] -- Found Python3: /usr/bin/python3 (found version "3.12.3") found components: Interpreter 
[2.239s] -- Found rclpy: 7.1.3 (/opt/ros/jazzy/share/rclpy/cmake)
[2.256s] -- Found geometry_msgs: 5.3.5 (/opt/ros/jazzy/share/geometry_msgs/cmake)
[2.523s] -- Found rosidl_generator_c: 4.6.5 (/opt/ros/jazzy/share/rosidl_generator_c/cmake)
[2.591s] -- Found rosidl_generator_cpp: 4.6.5 (/opt/ros/jazzy/share/rosidl_generator_cpp/cmake)
[2.681s] -- Using all available rosidl_typesupport_c: rosidl_typesupport_fastrtps_c;rosidl_typesupport_introspection_c
[2.769s] -- Using all available rosidl_typesupport_cpp: rosidl_typesupport_fastrtps_cpp;rosidl_typesupport_introspection_cpp
[2.935s] -- Found nav2_minimal_tb3_sim: 1.0.2 (/turtlebot_ws/install/nav2_minimal_tb3_sim/share/nav2_minimal_tb3_sim/cmake)
[2.941s] -- Found nav2_minimal_tb4_sim: 1.0.2 (/turtlebot_ws/install/nav2_minimal_tb4_sim/share/nav2_minimal_tb4_sim/cmake)
[3.146s] -- Configuring done (2.9s)
[3.166s] -- Generating done (0.0s)
[3.172s] -- Build files have been written to: /ros2_ws/build/tb_worlds
[3.186s] Invoked command in '/ros2_ws/build/tb_worlds' returned '0': CMAKE_PREFIX_PATH=${CMAKE_PREFIX_PATH}:/turtlebot_ws/install/py_trees_ros_viewer:/turtlebot_ws/install/py_trees_ros:/turtlebot_ws/install/py_trees_js:/turtlebot_ws/install/py_trees:/opt/ros/jazzy /usr/bin/cmake /ros2_ws/src/turtlebot3_simulation -DCMAKE_INSTALL_PREFIX=/ros2_ws/install/tb_worlds
[3.189s] Invoking command in '/ros2_ws/build/tb_worlds': CMAKE_PREFIX_PATH=${CMAKE_PREFIX_PATH}:/turtlebot_ws/install/py_trees_ros_viewer:/turtlebot_ws/install/py_trees_ros:/turtlebot_ws/install/py_trees_js:/turtlebot_ws/install/py_trees:/opt/ros/jazzy /usr/bin/cmake --build /ros2_ws/build/tb_worlds -- -j16 -l16
[3.275s] Invoked command in '/ros2_ws/build/tb_worlds' returned '0': CMAKE_PREFIX_PATH=${CMAKE_PREFIX_PATH}:/turtlebot_ws/install/py_trees_ros_viewer:/turtlebot_ws/install/py_trees_ros:/turtlebot_ws/install/py_trees_js:/turtlebot_ws/install/py_trees:/opt/ros/jazzy /usr/bin/cmake --build /ros2_ws/build/tb_worlds -- -j16 -l16
[3.295s] Invoking command in '/ros2_ws/build/tb_worlds': CMAKE_PREFIX_PATH=${CMAKE_PREFIX_PATH}:/turtlebot_ws/install/py_trees_ros_viewer:/turtlebot_ws/install/py_trees_ros:/turtlebot_ws/install/py_trees_js:/turtlebot_ws/install/py_trees:/opt/ros/jazzy /usr/bin/cmake --install /ros2_ws/build/tb_worlds
[3.311s] -- Install configuration: ""
[3.311s] -- Installing: /ros2_ws/install/tb_worlds/share/tb_worlds/launch
[3.314s] -- Installing: /ros2_ws/install/tb_worlds/share/tb_worlds/launch/simulation_launch.py
[3.315s] [31mCMake Error at cmake_install.cmake:46 (file):
[3.315s]   file INSTALL cannot find "/ros2_ws/src/turtlebot3_simulation/maps": No such
[3.316s]   file or directory.
[3.316s] 
[3.316s] [0m
[3.319s] Invoked command in '/ros2_ws/build/tb_worlds' returned '1': CMAKE_PREFIX_PATH=${CMAKE_PREFIX_PATH}:/turtlebot_ws/install/py_trees_ros_viewer:/turtlebot_ws/install/py_trees_ros:/turtlebot_ws/install/py_trees_js:/turtlebot_ws/install/py_trees:/opt/ros/jazzy /usr/bin/cmake --install /ros2_ws/build/tb_worlds
